android/app/build/intermediates/manifest_merge_blame_file/release/processReleaseMainManifest/manifest-merger-blame-release-report.txt
1<?xml version="1.0" encoding="utf-8"?>
2<manifest xmlns:android="http://schemas.android.com/apk/res/android"
3    package="com.bextrader.app"
4    android:versionCode="65"
5    android:versionName="1.6.5" >
6
7    <uses-sdk
8        android:minSdkVersion="23"
9        android:targetSdkVersion="36" />
10
11    <uses-permission android:name="android.permission.INTERNET" />
11-->src\main\AndroidManifest.xml:5:5-67
11-->src\main\AndroidManifest.xml:5:22-64
12    <uses-permission android:name="android.permission.POST_NOTIFICATIONS" />
12-->src\main\AndroidManifest.xml:6:5-77
12-->src\main\AndroidManifest.xml:6:22-74
13    <uses-permission android:name="android.permission.USE_CREDENTIALS" />
13-->[:capgo-capacitor-social-login] AndroidManifest.xml:8:5-74
13-->[:capgo-capacitor-social-login] AndroidManifest.xml:8:22-71
14
15    <queries>
15-->[com.google.androidbrowserhelper:androidbrowserhelper:2.5.0] AndroidManifest.xml:26:5-34:15
16        <intent>
16-->[com.google.androidbrowserhelper:androidbrowserhelper:2.5.0] AndroidManifest.xml:27:9-33:18
17            <action android:name="android.intent.action.VIEW" />
17-->src\main\AndroidManifest.xml:34:17-69
17-->src\main\AndroidManifest.xml:34:25-66
18
19            <category android:name="android.intent.category.BROWSABLE" />
19-->src\main\AndroidManifest.xml:37:17-78
19-->src\main\AndroidManifest.xml:37:27-75
20
21            <data android:scheme="https" />
21-->src\main\AndroidManifest.xml:39:17-40:112
21-->src\main\AndroidManifest.xml:40:21-109
22        </intent>
23        <intent>
23-->[:capacitor-browser] AndroidManifest.xml:8:9-10:18
24            <action android:name="android.support.customtabs.action.CustomTabsService" />
24-->[:capacitor-browser] AndroidManifest.xml:9:13-90
24-->[:capacitor-browser] AndroidManifest.xml:9:21-87
25        </intent>
26        <intent>
26-->[com.android.billingclient:billing:7.1.1] AndroidManifest.xml:13:9-15:18
27            <action android:name="com.android.vending.billing.InAppBillingService.BIND" />
27-->[com.android.billingclient:billing:7.1.1] AndroidManifest.xml:14:13-91
27-->[com.android.billingclient:billing:7.1.1] AndroidManifest.xml:14:21-88
28        </intent>
29        <intent>
29-->[com.android.billingclient:billing:7.1.1] AndroidManifest.xml:16:9-18:18
30            <action android:name="com.google.android.apps.play.billingtestcompanion.BillingOverrideService.BIND" />
30-->[com.android.billingclient:billing:7.1.1] AndroidManifest.xml:17:13-116
30-->[com.android.billingclient:billing:7.1.1] AndroidManifest.xml:17:21-113
31        </intent>
32    </queries>
33
34    <uses-permission android:name="android.permission.USE_BIOMETRIC" /> <!-- suppress DeprecatedClassUsageInspection -->
34-->[androidx.biometric:biometric:1.1.0] AndroidManifest.xml:24:5-72
34-->[androidx.biometric:biometric:1.1.0] AndroidManifest.xml:24:22-69
35    <uses-permission android:name="android.permission.USE_FINGERPRINT" />
35-->[androidx.biometric:biometric:1.1.0] AndroidManifest.xml:27:5-74
35-->[androidx.biometric:biometric:1.1.0] AndroidManifest.xml:27:22-71
36    <uses-permission android:name="com.android.vending.BILLING" />
36-->[com.android.billingclient:billing:7.1.1] AndroidManifest.xml:10:5-67
36-->[com.android.billingclient:billing:7.1.1] AndroidManifest.xml:10:22-64
37
38    <permission
38-->[androidx.core:core:1.15.0] AndroidManifest.xml:22:5-24:47
39        android:name="com.bextrader.app.DYNAMIC_RECEIVER_NOT_EXPORTED_PERMISSION"
39-->[androidx.core:core:1.15.0] AndroidManifest.xml:23:9-81
40        android:protectionLevel="signature" />
40-->[androidx.core:core:1.15.0] AndroidManifest.xml:24:9-44
41
42    <uses-permission android:name="com.bextrader.app.DYNAMIC_RECEIVER_NOT_EXPORTED_PERMISSION" /> <!-- Although the *SdkVersion is captured in gradle build files, this is required for non gradle builds -->
42-->[androidx.core:core:1.15.0] AndroidManifest.xml:26:5-97
42-->[androidx.core:core:1.15.0] AndroidManifest.xml:26:22-94
43    <!-- <uses-sdk android:minSdkVersion="14"/> -->
44    <uses-permission android:name="android.permission.ACCESS_NETWORK_STATE" />
44-->[com.google.android.datatransport:transport-backend-cct:3.1.8] AndroidManifest.xml:24:5-79
44-->[com.google.android.datatransport:transport-backend-cct:3.1.8] AndroidManifest.xml:24:22-76
45
46    <application
46-->src\main\AndroidManifest.xml:8:5-45:19
47        android:allowBackup="true"
47-->src\main\AndroidManifest.xml:9:9-35
48        android:appComponentFactory="androidx.core.app.CoreComponentFactory"
48-->[androidx.core:core:1.15.0] AndroidManifest.xml:28:18-86
49        android:extractNativeLibs="false"
50        android:icon="@mipmap/ic_launcher"
50-->src\main\AndroidManifest.xml:10:9-43
51        android:label="BEX Trader"
51-->src\main\AndroidManifest.xml:11:9-35
52        android:roundIcon="@mipmap/ic_launcher_round"
52-->src\main\AndroidManifest.xml:12:9-54
53        android:supportsRtl="true"
53-->src\main\AndroidManifest.xml:13:9-35
54        android:theme="@android:style/Theme.NoTitleBar" >
54-->src\main\AndroidManifest.xml:14:9-56
55        <activity
55-->src\main\AndroidManifest.xml:16:9-27:20
56            android:name="com.bextrader.app.MainActivity"
56-->src\main\AndroidManifest.xml:17:13-41
57            android:exported="true"
57-->src\main\AndroidManifest.xml:18:13-36
58            android:launchMode="singleTask"
58-->src\main\AndroidManifest.xml:19:13-44
59            android:theme="@android:style/Theme.NoTitleBar" >
59-->src\main\AndroidManifest.xml:20:13-60
60            <intent-filter>
60-->src\main\AndroidManifest.xml:22:13-25:29
61                <action android:name="android.intent.action.MAIN" />
61-->src\main\AndroidManifest.xml:23:17-69
61-->src\main\AndroidManifest.xml:23:25-66
62
63                <category android:name="android.intent.category.LAUNCHER" />
63-->src\main\AndroidManifest.xml:24:17-77
63-->src\main\AndroidManifest.xml:24:27-74
64            </intent-filter>
65        </activity>
66        <activity
66-->src\main\AndroidManifest.xml:29:9-43:20
67            android:name="com.capgo.sociallogin.SocialLoginActivity"
67-->src\main\AndroidManifest.xml:30:13-69
68            android:exported="true" >
68-->src\main\AndroidManifest.xml:31:13-36
69            <intent-filter>
69-->src\main\AndroidManifest.xml:33:13-41:29
70                <action android:name="android.intent.action.VIEW" />
70-->src\main\AndroidManifest.xml:34:17-69
70-->src\main\AndroidManifest.xml:34:25-66
71
72                <category android:name="android.intent.category.DEFAULT" />
72-->src\main\AndroidManifest.xml:36:17-76
72-->src\main\AndroidManifest.xml:36:27-73
73                <category android:name="android.intent.category.BROWSABLE" />
73-->src\main\AndroidManifest.xml:37:17-78
73-->src\main\AndroidManifest.xml:37:27-75
74
75                <data android:scheme="com.googleusercontent.apps.50746359348-l24lp3dj2m9plp7qc8godulthhdiaa6k" />
75-->src\main\AndroidManifest.xml:39:17-40:112
75-->src\main\AndroidManifest.xml:40:21-109
76            </intent-filter>
77        </activity>
78        <activity
78-->[:capgo-capacitor-social-login] AndroidManifest.xml:20:9-23:84
79            android:name="ee.forgr.capacitor.social.login.TwitterLoginActivity"
79-->[:capgo-capacitor-social-login] AndroidManifest.xml:21:13-80
80            android:exported="false"
80-->[:capgo-capacitor-social-login] AndroidManifest.xml:22:13-37
81            android:theme="@android:style/Theme.DeviceDefault.Light.NoActionBar" />
81-->[:capgo-capacitor-social-login] AndroidManifest.xml:23:13-81
82
83        <service
83-->[androidx.credentials:credentials-play-services-auth:1.5.0] AndroidManifest.xml:24:9-32:19
84            android:name="androidx.credentials.playservices.CredentialProviderMetadataHolder"
84-->[androidx.credentials:credentials-play-services-auth:1.5.0] AndroidManifest.xml:25:13-94
85            android:enabled="true"
85-->[androidx.credentials:credentials-play-services-auth:1.5.0] AndroidManifest.xml:26:13-35
86            android:exported="false" >
86-->[androidx.credentials:credentials-play-services-auth:1.5.0] AndroidManifest.xml:27:13-37
87            <meta-data
87-->[androidx.credentials:credentials-play-services-auth:1.5.0] AndroidManifest.xml:29:13-31:104
88                android:name="androidx.credentials.CREDENTIAL_PROVIDER_KEY"
88-->[androidx.credentials:credentials-play-services-auth:1.5.0] AndroidManifest.xml:30:17-76
89                android:value="androidx.credentials.playservices.CredentialProviderPlayServicesImpl" />
89-->[androidx.credentials:credentials-play-services-auth:1.5.0] AndroidManifest.xml:31:17-101
90        </service>
91
92        <activity
92-->[androidx.credentials:credentials-play-services-auth:1.5.0] AndroidManifest.xml:34:9-41:20
93            android:name="androidx.credentials.playservices.HiddenActivity"
93-->[androidx.credentials:credentials-play-services-auth:1.5.0] AndroidManifest.xml:35:13-76
94            android:configChanges="orientation|screenSize|screenLayout|keyboardHidden"
94-->[androidx.credentials:credentials-play-services-auth:1.5.0] AndroidManifest.xml:36:13-87
95            android:enabled="true"
95-->[androidx.credentials:credentials-play-services-auth:1.5.0] AndroidManifest.xml:37:13-35
96            android:exported="false"
96-->[androidx.credentials:credentials-play-services-auth:1.5.0] AndroidManifest.xml:38:13-37
97            android:fitsSystemWindows="true"
97-->[androidx.credentials:credentials-play-services-auth:1.5.0] AndroidManifest.xml:39:13-45
98            android:theme="@style/Theme.Hidden" >
98-->[androidx.credentials:credentials-play-services-auth:1.5.0] AndroidManifest.xml:40:13-48
99        </activity>
100        <activity
100-->[androidx.credentials:credentials-play-services-auth:1.5.0] AndroidManifest.xml:42:9-49:20
101            android:name="androidx.credentials.playservices.IdentityCredentialApiHiddenActivity"
101-->[androidx.credentials:credentials-play-services-auth:1.5.0] AndroidManifest.xml:43:13-97
102            android:configChanges="orientation|screenSize|screenLayout|keyboardHidden"
102-->[androidx.credentials:credentials-play-services-auth:1.5.0] AndroidManifest.xml:44:13-87
103            android:enabled="true"
103-->[androidx.credentials:credentials-play-services-auth:1.5.0] AndroidManifest.xml:45:13-35
104            android:exported="false"
104-->[androidx.credentials:credentials-play-services-auth:1.5.0] AndroidManifest.xml:46:13-37
105            android:fitsSystemWindows="true"
105-->[androidx.credentials:credentials-play-services-auth:1.5.0] AndroidManifest.xml:47:13-45
106            android:theme="@style/Theme.Hidden" >
106-->[androidx.credentials:credentials-play-services-auth:1.5.0] AndroidManifest.xml:48:13-48
107        </activity>
108        <activity
108-->[com.google.android.gms:play-services-auth:21.4.0] AndroidManifest.xml:23:9-27:75
109            android:name="com.google.android.gms.auth.api.signin.internal.SignInHubActivity"
109-->[com.google.android.gms:play-services-auth:21.4.0] AndroidManifest.xml:24:13-93
110            android:excludeFromRecents="true"
110-->[com.google.android.gms:play-services-auth:21.4.0] AndroidManifest.xml:25:13-46
111            android:exported="false"
111-->[com.google.android.gms:play-services-auth:21.4.0] AndroidManifest.xml:26:13-37
112            android:theme="@android:style/Theme.Translucent.NoTitleBar" />
112-->[com.google.android.gms:play-services-auth:21.4.0] AndroidManifest.xml:27:13-72
113        <!--
114            Service handling Google Sign-In user revocation. For apps that do not integrate with
115            Google Sign-In, this service will never be started.
116        -->
117        <service
117-->[com.google.android.gms:play-services-auth:21.4.0] AndroidManifest.xml:33:9-37:51
118            android:name="com.google.android.gms.auth.api.signin.RevocationBoundService"
118-->[com.google.android.gms:play-services-auth:21.4.0] AndroidManifest.xml:34:13-89
119            android:exported="true"
119-->[com.google.android.gms:play-services-auth:21.4.0] AndroidManifest.xml:35:13-36
120            android:permission="com.google.android.gms.auth.api.signin.permission.REVOCATION_NOTIFICATION"
120-->[com.google.android.gms:play-services-auth:21.4.0] AndroidManifest.xml:36:13-107
121            android:visibleToInstantApps="true" />
121-->[com.google.android.gms:play-services-auth:21.4.0] AndroidManifest.xml:37:13-48
122
123        <activity
123-->[:capacitor-browser] AndroidManifest.xml:14:9-18:75
124            android:name="com.capacitorjs.plugins.browser.BrowserControllerActivity"
124-->[:capacitor-browser] AndroidManifest.xml:15:13-85
125            android:exported="false"
125-->[:capacitor-browser] AndroidManifest.xml:16:13-37
126            android:launchMode="singleTask"
126-->[:capacitor-browser] AndroidManifest.xml:17:13-44
127            android:theme="@android:style/Theme.Translucent.NoTitleBar" />
127-->[:capacitor-browser] AndroidManifest.xml:18:13-72
128
129        <meta-data
129-->[com.android.billingclient:billing:7.1.1] AndroidManifest.xml:22:9-24:37
130            android:name="com.google.android.play.billingclient.version"
130-->[com.android.billingclient:billing:7.1.1] AndroidManifest.xml:23:13-73
131            android:value="7.1.1" />
131-->[com.android.billingclient:billing:7.1.1] AndroidManifest.xml:24:13-34
132
133        <activity
133-->[com.android.billingclient:billing:7.1.1] AndroidManifest.xml:26:9-30:75
134            android:name="com.android.billingclient.api.ProxyBillingActivity"
134-->[com.android.billingclient:billing:7.1.1] AndroidManifest.xml:27:13-78
135            android:configChanges="keyboard|keyboardHidden|screenLayout|screenSize|orientation"
135-->[com.android.billingclient:billing:7.1.1] AndroidManifest.xml:28:13-96
136            android:exported="false"
136-->[com.android.billingclient:billing:7.1.1] AndroidManifest.xml:29:13-37
137            android:theme="@android:style/Theme.Translucent.NoTitleBar" />
137-->[com.android.billingclient:billing:7.1.1] AndroidManifest.xml:30:13-72
138        <activity
138-->[com.android.billingclient:billing:7.1.1] AndroidManifest.xml:31:9-35:75
139            android:name="com.android.billingclient.api.ProxyBillingActivityV2"
139-->[com.android.billingclient:billing:7.1.1] AndroidManifest.xml:32:13-80
140            android:configChanges="keyboard|keyboardHidden|screenLayout|screenSize|orientation"
140-->[com.android.billingclient:billing:7.1.1] AndroidManifest.xml:33:13-96
141            android:exported="false"
141-->[com.android.billingclient:billing:7.1.1] AndroidManifest.xml:34:13-37
142            android:theme="@android:style/Theme.Translucent.NoTitleBar" />
142-->[com.android.billingclient:billing:7.1.1] AndroidManifest.xml:35:13-72
143        <activity
143-->[com.google.android.gms:play-services-base:18.5.0] AndroidManifest.xml:5:9-173
144            android:name="com.google.android.gms.common.api.GoogleApiActivity"
144-->[com.google.android.gms:play-services-base:18.5.0] AndroidManifest.xml:5:19-85
145            android:exported="false"
145-->[com.google.android.gms:play-services-base:18.5.0] AndroidManifest.xml:5:146-170
146            android:theme="@android:style/Theme.Translucent.NoTitleBar" />
146-->[com.google.android.gms:play-services-base:18.5.0] AndroidManifest.xml:5:86-145
147
148        <provider
148-->[androidx.emoji2:emoji2:1.3.0] AndroidManifest.xml:24:9-32:20
149            android:name="androidx.startup.InitializationProvider"
149-->[androidx.emoji2:emoji2:1.3.0] AndroidManifest.xml:25:13-67
150            android:authorities="com.bextrader.app.androidx-startup"
150-->[androidx.emoji2:emoji2:1.3.0] AndroidManifest.xml:26:13-68
151            android:exported="false" >
151-->[androidx.emoji2:emoji2:1.3.0] AndroidManifest.xml:27:13-37
152            <meta-data
152-->[androidx.emoji2:emoji2:1.3.0] AndroidManifest.xml:29:13-31:52
153                android:name="androidx.emoji2.text.EmojiCompatInitializer"
153-->[androidx.emoji2:emoji2:1.3.0] AndroidManifest.xml:30:17-75
154                android:value="androidx.startup" />
154-->[androidx.emoji2:emoji2:1.3.0] AndroidManifest.xml:31:17-49
155            <meta-data
155-->[androidx.lifecycle:lifecycle-process:2.6.2] AndroidManifest.xml:29:13-31:52
156                android:name="androidx.lifecycle.ProcessLifecycleInitializer"
156-->[androidx.lifecycle:lifecycle-process:2.6.2] AndroidManifest.xml:30:17-78
157                android:value="androidx.startup" />
157-->[androidx.lifecycle:lifecycle-process:2.6.2] AndroidManifest.xml:31:17-49
158            <meta-data
158-->[androidx.profileinstaller:profileinstaller:1.3.1] AndroidManifest.xml:29:13-31:52
159                android:name="androidx.profileinstaller.ProfileInstallerInitializer"
159-->[androidx.profileinstaller:profileinstaller:1.3.1] AndroidManifest.xml:30:17-85
160                android:value="androidx.startup" />
160-->[androidx.profileinstaller:profileinstaller:1.3.1] AndroidManifest.xml:31:17-49
161        </provider>
162
163        <meta-data
163-->[com.google.android.gms:play-services-basement:18.5.0] AndroidManifest.xml:21:9-23:69
164            android:name="com.google.android.gms.version"
164-->[com.google.android.gms:play-services-basement:18.5.0] AndroidManifest.xml:22:13-58
165            android:value="@integer/google_play_services_version" />
165-->[com.google.android.gms:play-services-basement:18.5.0] AndroidManifest.xml:23:13-66
166
167        <receiver
167-->[androidx.profileinstaller:profileinstaller:1.3.1] AndroidManifest.xml:34:9-52:20
168            android:name="androidx.profileinstaller.ProfileInstallReceiver"
168-->[androidx.profileinstaller:profileinstaller:1.3.1] AndroidManifest.xml:35:13-76
169            android:directBootAware="false"
169-->[androidx.profileinstaller:profileinstaller:1.3.1] AndroidManifest.xml:36:13-44
170            android:enabled="true"
170-->[androidx.profileinstaller:profileinstaller:1.3.1] AndroidManifest.xml:37:13-35
171            android:exported="true"
171-->[androidx.profileinstaller:profileinstaller:1.3.1] AndroidManifest.xml:38:13-36
172            android:permission="android.permission.DUMP" >
172-->[androidx.profileinstaller:profileinstaller:1.3.1] AndroidManifest.xml:39:13-57
173            <intent-filter>
173-->[androidx.profileinstaller:profileinstaller:1.3.1] AndroidManifest.xml:40:13-42:29
174                <action android:name="androidx.profileinstaller.action.INSTALL_PROFILE" />
174-->[androidx.profileinstaller:profileinstaller:1.3.1] AndroidManifest.xml:41:17-91
174-->[androidx.profileinstaller:profileinstaller:1.3.1] AndroidManifest.xml:41:25-88
175            </intent-filter>
176            <intent-filter>
176-->[androidx.profileinstaller:profileinstaller:1.3.1] AndroidManifest.xml:43:13-45:29
177                <action android:name="androidx.profileinstaller.action.SKIP_FILE" />
177-->[androidx.profileinstaller:profileinstaller:1.3.1] AndroidManifest.xml:44:17-85
177-->[androidx.profileinstaller:profileinstaller:1.3.1] AndroidManifest.xml:44:25-82
178            </intent-filter>
179            <intent-filter>
179-->[androidx.profileinstaller:profileinstaller:1.3.1] AndroidManifest.xml:46:13-48:29
180                <action android:name="androidx.profileinstaller.action.SAVE_PROFILE" />
180-->[androidx.profileinstaller:profileinstaller:1.3.1] AndroidManifest.xml:47:17-88
180-->[androidx.profileinstaller:profileinstaller:1.3.1] AndroidManifest.xml:47:25-85
181            </intent-filter>
182            <intent-filter>
182-->[androidx.profileinstaller:profileinstaller:1.3.1] AndroidManifest.xml:49:13-51:29
183                <action android:name="androidx.profileinstaller.action.BENCHMARK_OPERATION" />
183-->[androidx.profileinstaller:profileinstaller:1.3.1] AndroidManifest.xml:50:17-95
183-->[androidx.profileinstaller:profileinstaller:1.3.1] AndroidManifest.xml:50:25-92
184            </intent-filter>
185        </receiver>
186
187        <service
187-->[com.google.android.datatransport:transport-backend-cct:3.1.8] AndroidManifest.xml:28:9-34:19
188            android:name="com.google.android.datatransport.runtime.backends.TransportBackendDiscovery"
188-->[com.google.android.datatransport:transport-backend-cct:3.1.8] AndroidManifest.xml:29:13-103
189            android:exported="false" >
189-->[com.google.android.datatransport:transport-backend-cct:3.1.8] AndroidManifest.xml:30:13-37
190            <meta-data
190-->[com.google.android.datatransport:transport-backend-cct:3.1.8] AndroidManifest.xml:31:13-33:39
191                android:name="backend:com.google.android.datatransport.cct.CctBackendFactory"
191-->[com.google.android.datatransport:transport-backend-cct:3.1.8] AndroidManifest.xml:32:17-94
192                android:value="cct" />
192-->[com.google.android.datatransport:transport-backend-cct:3.1.8] AndroidManifest.xml:33:17-36
193        </service>
194        <service
194-->[com.google.android.datatransport:transport-runtime:3.1.8] AndroidManifest.xml:26:9-30:19
195            android:name="com.google.android.datatransport.runtime.scheduling.jobscheduling.JobInfoSchedulerService"
195-->[com.google.android.datatransport:transport-runtime:3.1.8] AndroidManifest.xml:27:13-117
196            android:exported="false"
196-->[com.google.android.datatransport:transport-runtime:3.1.8] AndroidManifest.xml:28:13-37
197            android:permission="android.permission.BIND_JOB_SERVICE" >
197-->[com.google.android.datatransport:transport-runtime:3.1.8] AndroidManifest.xml:29:13-69
198        </service>
199
200        <receiver
200-->[com.google.android.datatransport:transport-runtime:3.1.8] AndroidManifest.xml:32:9-34:40
201            android:name="com.google.android.datatransport.runtime.scheduling.jobscheduling.AlarmManagerSchedulerBroadcastReceiver"
201-->[com.google.android.datatransport:transport-runtime:3.1.8] AndroidManifest.xml:33:13-132
202            android:exported="false" />
202-->[com.google.android.datatransport:transport-runtime:3.1.8] AndroidManifest.xml:34:13-37
203    </application>
204
205</manifest>